
Event [id=432291559, msg=Some event for user J. Smith, date=Jun 9, 2016 10:32:04 PM]
Event [id=46211141, msg=Some event for user 2, date=Jun 9, 2016 10:32:05 PM]
Event [id=1271386530, msg=Some event for user 3, date=Jun 9, 2016 10:32:06 PM]
Event [id=88834074, msg=Some event for user 4, date=Jun 9, 2016 10:32:07 PM]
Event [id=953600938, msg=Some event for user 5, date=Jun 9, 2016 10:32:08 PM]
Event [id=780975488, msg=Some event for user 6, date=Jun 9, 2016 10:32:09 PM]
Event [id=535614754, msg=Some event for user 7, date=Jun 9, 2016 10:32:10 PM]
Event [id=1652243164, msg=Some event for user J. Smith, date=Jun 9, 2016 11:59:20 PM]
Event [id=1023006908, msg=Some event for user 2, date=Jun 9, 2016 11:59:21 PM]
Event [id=1491421221, msg=Some event for user 3, date=Jun 9, 2016 11:59:22 PM]
Event [id=1712532519, msg=Some event for user 4, date=Jun 9, 2016 11:59:23 PM]
Event [id=2006629903, msg=Some event for user 5, date=Jun 9, 2016 11:59:24 PM]
Event [id=391131860, msg=Some event for user 6, date=Jun 9, 2016 11:59:25 PM]
Event [id=1696642992, msg=Some event for user 7, date=Jun 9, 2016 11:59:26 PM]
Event [id=1009320831, msg=Some event for user J. Smith, date=Jun 10, 2016 12:02:23 AM]
Event [id=984308576, msg=Some event for user 2, date=Jun 10, 2016 12:02:24 AM]
Event [id=1981093502, msg=Some event for user 3, date=Jun 10, 2016 12:02:25 AM]
Event [id=1042527871, msg=Some event for user 4, date=Jun 10, 2016 12:02:26 AM]
Event [id=506170287, msg=Some event for user 5, date=Jun 10, 2016 12:02:27 AM]
Event [id=1909830059, msg=Some event for user 6, date=Jun 10, 2016 12:02:28 AM]
Event [id=416026967, msg=Some event for user J. Smith, date=Jun 10, 2016 12:04:40 AM]
Event [id=806084658, msg=Some event for user 2, date=Jun 10, 2016 12:04:41 AM]
Event [id=1975169889, msg=Some event for user 3, date=Jun 10, 2016 12:04:42 AM]
Event [id=1719221768, msg=Some event for user 4, date=Jun 10, 2016 12:04:43 AM]
Event [id=137262026, msg=Some event for user 5, date=Jun 10, 2016 12:04:44 AM]
Event [id=574640886, msg=Some event for user 6, date=Jun 10, 2016 12:04:45 AM]
Event [id=1274998043, msg=Some event for user J. Smith, date=Jun 10, 2016 12:05:47 AM]
Event [id=619490987, msg=Some event for user 2, date=Jun 10, 2016 12:05:48 AM]
Event [id=1047656683, msg=Some event for user 3, date=Jun 10, 2016 12:05:49 AM]
Event [id=846700595, msg=Some event for user 4, date=Jun 10, 2016 12:05:50 AM]
Event [id=1637654624, msg=Some event for user 5, date=Jun 10, 2016 12:05:51 AM]
Event [id=844018376, msg=Some event for user 6, date=Jun 10, 2016 12:05:52 AM]
Event [id=66081274, msg=Some event for user J. Smith, date=Jun 10, 2016 12:08:36 AM]
Event [id=42802143, msg=Some event for user 2, date=Jun 10, 2016 12:08:37 AM]
Event [id=195561087, msg=Some event for user 3, date=Jun 10, 2016 12:08:38 AM]
Event [id=1769195517, msg=Some event for user 4, date=Jun 10, 2016 12:08:39 AM]
Event [id=955712424, msg=Some event for user 5, date=Jun 10, 2016 12:08:40 AM]
Event [id=297605469, msg=Some event for user 6, date=Jun 10, 2016 12:08:41 AM]
Event [id=262599027, msg=Some event for user 7, date=Jun 10, 2016 12:08:42 AM]
Event [id=1811823274, msg=Some event for user J. Smith, date=Jun 10, 2016 12:27:29 AM]
Event [id=2003260211, msg=Some event for user 2, date=Jun 10, 2016 12:27:30 AM]
Event [id=537516387, msg=Some event for user 3, date=Jun 10, 2016 12:27:31 AM]
Event [id=434974066, msg=Some event for user 4, date=Jun 10, 2016 12:27:32 AM]
Event [id=1964956361, msg=Some event for user 5, date=Jun 10, 2016 12:27:33 AM]
Event [id=1795176534, msg=Some event for user 6, date=Jun 10, 2016 12:27:34 AM]
Event [id=1102089969, msg=Some event for user 7, date=Jun 10, 2016 12:27:35 AM]
Event [id=2129916380, msg=Some event for user J. Smith, date=Jun 10, 2016 12:27:44 AM]
Event [id=1561253109, msg=Some event for user 2, date=Jun 10, 2016 12:27:45 AM]
Event [id=136779732, msg=Some event for user 3, date=Jun 10, 2016 12:27:46 AM]
Event [id=1187867430, msg=Some event for user 4, date=Jun 10, 2016 12:27:47 AM]
Event [id=1338892668, msg=Some event for user 5, date=Jun 10, 2016 12:27:48 AM]
Event [id=961765312, msg=Some event for user 6, date=Jun 10, 2016 12:27:49 AM]
Event [id=1240650008, msg=Some event for user 7, date=Jun 10, 2016 12:27:50 AM]
Event [id=566475350, msg=Some event for user J. Smith, date=Jun 10, 2016 12:37:58 AM]
Event [id=809783215, msg=Some event for user 2, date=Jun 10, 2016 12:37:59 AM]
Event [id=362403161, msg=Some event for user 3, date=Jun 10, 2016 12:38:00 AM]
Event [id=1654369688, msg=Some event for user 4, date=Jun 10, 2016 12:38:01 AM]
Event [id=683246684, msg=Some event for user 5, date=Jun 10, 2016 12:38:02 AM]
Event [id=38415563, msg=Some event for user 6, date=Jun 10, 2016 12:38:03 AM]
Event [id=805968469, msg=Some event for user 7, date=Jun 10, 2016 12:38:04 AM]
Event [id=1873109903, msg=Some event for user J. Smith, date=Jun 10, 2016 9:46:29 AM]
Event [id=1602530117, msg=Some event for user 2, date=Jun 10, 2016 9:46:30 AM]
Event [id=2106022159, msg=Some event for user 3, date=Jun 10, 2016 9:46:31 AM]
Event [id=764731947, msg=Some event for user 4, date=Jun 10, 2016 9:46:32 AM]
Event [id=447207599, msg=Some event for user 5, date=Jun 10, 2016 9:46:33 AM]
Event [id=1256079865, msg=Some event for user 6, date=Jun 10, 2016 9:46:34 AM]
Event [id=2068606486, msg=Some event for user 7, date=Jun 10, 2016 9:46:35 AM]
Event [id=1216090903, msg=Some event for user J. Smith, date=Jun 10, 2016 9:47:38 AM]
Event [id=1977949348, msg=Some event for user 2, date=Jun 10, 2016 9:47:39 AM]
Event [id=44214766, msg=Some event for user 3, date=Jun 10, 2016 9:47:40 AM]
Event [id=2047862792, msg=Some event for user 4, date=Jun 10, 2016 9:47:41 AM]
Event [id=2042895400, msg=Some event for user 5, date=Jun 10, 2016 9:47:42 AM]
Event [id=602048550, msg=Some event for user 6, date=Jun 10, 2016 9:47:43 AM]
Event [id=383013395, msg=Some event for user 7, date=Jun 10, 2016 9:47:44 AM]
Event [id=1372057921, msg=Some event for user J. Smith, date=Jun 11, 2016 10:05:47 PM]
Event [id=1945969319, msg=Some event for user 2, date=Jun 11, 2016 10:05:48 PM]
Event [id=382961158, msg=Some event for user 3, date=Jun 11, 2016 10:05:49 PM]
Event [id=1972857845, msg=Some event for user 4, date=Jun 11, 2016 10:05:50 PM]
Event [id=321092982, msg=Some event for user 5, date=Jun 11, 2016 10:05:51 PM]
Event [id=2029275681, msg=Some event for user 6, date=Jun 11, 2016 10:05:52 PM]
Event [id=1061847762, msg=Some event for user 7, date=Jun 11, 2016 10:05:53 PM]
Event [id=894610942, msg=Some event for user J. Smith, date=Jun 11, 2016 10:06:16 PM]
Event [id=2103752795, msg=Some event for user 2, date=Jun 11, 2016 10:06:17 PM]
Event [id=329587935, msg=Some event for user 3, date=Jun 11, 2016 10:06:18 PM]
Event [id=1861845577, msg=Some event for user 4, date=Jun 11, 2016 10:06:19 PM]
Event [id=525231148, msg=Some event for user 5, date=Jun 11, 2016 10:06:20 PM]
Event [id=832257050, msg=Some event for user 6, date=Jun 11, 2016 10:06:21 PM]
Event [id=1609334960, msg=Some event for user 7, date=Jun 11, 2016 10:06:22 PM]
Event [id=151742153, msg=Some event for user 0, date=Jun 11, 2016 10:19:56 PM]
Event [id=375188703, msg=Some event for user J. Smith, date=Jun 11, 2016 10:19:57 PM]
Event [id=726180344, msg=Some event for user 2, date=Jun 11, 2016 10:19:58 PM]
Event [id=1165928387, msg=Some event for user 3, date=Jun 11, 2016 10:19:59 PM]
Event [id=216829690, msg=Some event for user 4, date=Jun 11, 2016 10:20:00 PM]
Event [id=14672428, msg=Some event for user 5, date=Jun 11, 2016 10:20:01 PM]
Event [id=986212038, msg=Some event for user 6, date=Jun 11, 2016 10:20:02 PM]
Event [id=590108070, msg=Some event for user 0, date=Jun 12, 2016 11:35:15 AM]
Event [id=239146361, msg=Some event for user J. Smith, date=Jun 12, 2016 11:35:16 AM]
Event [id=845241452, msg=Some event for user 2, date=Jun 12, 2016 11:35:17 AM]
Event [id=2084801759, msg=Some event for user 3, date=Jun 12, 2016 11:35:18 AM]
Event [id=1058220219, msg=Some event for user 4, date=Jun 12, 2016 11:35:19 AM]
Event [id=299905733, msg=Some event for user 5, date=Jun 12, 2016 11:35:20 AM]
Event [id=424225893, msg=Some event for user 6, date=Jun 12, 2016 11:35:21 AM]
Event [id=993754971, msg=Some event for user 0, date=Jun 12, 2016 11:36:22 AM]
Event [id=2062650100, msg=Some event for user J. Smith, date=Jun 12, 2016 11:36:23 AM]
Event [id=783665474, msg=Some event for user 2, date=Jun 12, 2016 11:36:24 AM]
Event [id=1197040412, msg=Some event for user 3, date=Jun 12, 2016 11:36:25 AM]
Event [id=1430233693, msg=Some event for user 4, date=Jun 12, 2016 11:36:26 AM]
Event [id=3697772, msg=Some event for user 5, date=Jun 12, 2016 11:36:27 AM]
Event [id=587068929, msg=Some event for user 6, date=Jun 12, 2016 11:36:28 AM]
Event [id=1283929888, msg=Some event for user 0, date=Jun 12, 2016 11:38:04 AM]
Event [id=51490883, msg=Some event for user J. Smith, date=Jun 12, 2016 11:38:05 AM]
Event [id=538235406, msg=Some event for user 2, date=Jun 12, 2016 11:38:06 AM]
Event [id=1646556513, msg=Some event for user 3, date=Jun 12, 2016 11:38:07 AM]
Event [id=1177726111, msg=Some event for user 4, date=Jun 12, 2016 11:38:08 AM]
Event [id=828646435, msg=Some event for user 0, date=Jun 12, 2016 11:48:41 AM]
Event [id=2006122794, msg=Some event for user J. Smith, date=Jun 12, 2016 11:48:42 AM]
Event [id=1013117236, msg=Some event for user 2, date=Jun 12, 2016 11:48:43 AM]
Event [id=1470258245, msg=Some event for user 3, date=Jun 12, 2016 11:48:44 AM]
Event [id=730255012, msg=Some event for user 4, date=Jun 12, 2016 11:48:45 AM]
Event [id=1647604620, msg=Some event for user 0, date=Jun 12, 2016 12:00:08 PM]
Event [id=308502167, msg=Some event for user J. Smith, date=Jun 12, 2016 12:00:09 PM]
Event [id=906584728, msg=Some event for user 2, date=Jun 12, 2016 12:00:10 PM]
Event [id=1430629078, msg=Some event for user 3, date=Jun 12, 2016 12:00:11 PM]
Event [id=1554095873, msg=Some event for user 4, date=Jun 12, 2016 12:00:12 PM]
Event [id=1108600661, msg=Some event for user 0, date=Jun 12, 2016 12:01:12 PM]
Event [id=431314536, msg=Some event for user J. Smith, date=Jun 12, 2016 12:01:13 PM]
Event [id=1764300330, msg=Some event for user 2, date=Jun 12, 2016 12:01:14 PM]
Event [id=232179727, msg=Some event for user 3, date=Jun 12, 2016 12:01:15 PM]
Event [id=1743304906, msg=Some event for user 4, date=Jun 12, 2016 12:01:16 PM]
Event [id=951411660, msg=Some event for user 0, date=Jun 12, 2016 12:08:36 PM]
Event [id=1866726477, msg=Some event for user J. Smith, date=Jun 12, 2016 12:08:37 PM]
Event [id=317048165, msg=Some event for user 2, date=Jun 12, 2016 12:08:38 PM]
Event [id=272469855, msg=Some event for user 3, date=Jun 12, 2016 12:08:39 PM]
Event [id=289760947, msg=Some event for user 4, date=Jun 12, 2016 12:08:40 PM]
Event [id=909382296, msg=Some event for user 0, date=Jun 12, 2016 12:09:42 PM]
Event [id=46763154, msg=Some event for user J. Smith, date=Jun 12, 2016 12:09:43 PM]
Event [id=1744177300, msg=Some event for user 2, date=Jun 12, 2016 12:09:44 PM]
Event [id=857561827, msg=Some event for user 3, date=Jun 12, 2016 12:09:45 PM]
Event [id=144437922, msg=Some event for user 4, date=Jun 12, 2016 12:09:46 PM]
Event [id=2031041514, msg=Some event for user 0, date=Jun 12, 2016 2:58:31 PM]
Event [id=895862492, msg=Some event for user John Smith, date=Jun 12, 2016 2:58:32 PM]
Event [id=530493804, msg=Some event for user 2, date=Jun 12, 2016 2:58:33 PM]
Event [id=630845404, msg=Some event for user 3, date=Jun 12, 2016 2:58:34 PM]
Event [id=1370109997, msg=Some event for user 4, date=Jun 12, 2016 2:58:35 PM]
Event [id=1655393753, msg=ERROR-severity event for user John Smith, date=Jun 12, 2016 3:00:37 PM]
Event [id=887485667, msg=NULL-severity event for user 3, date=Jun 12, 2016 3:00:37 PM]
Event [id=652170881, msg=ERROR-severity event for user John Smith, date=Jun 12, 2016 3:00:45 PM]
Event [id=94308736, msg=NULL-severity event for user 3, date=Jun 12, 2016 3:00:45 PM]
Event [id=1316344988, msg=ERROR-severity event for user John Smith, date=Jun 12, 2016 3:00:47 PM]
Event [id=417983557, msg=NULL-severity event for user 3, date=Jun 12, 2016 3:00:47 PM]
Event [id=1474881846, msg=ERROR-severity event for user John Smith, date=Jun 12, 2016 3:00:50 PM]
Event [id=1248128582, msg=NULL-severity event for user 3, date=Jun 12, 2016 3:00:50 PM]
Event [id=1867171011, msg=ERROR-severity event for user John Smith, date=Jun 12, 2016 3:01:05 PM]
Event [id=173778739, msg=NULL-severity event for user 3, date=Jun 12, 2016 3:01:05 PM]
Event [id=1198848724, msg=ERROR-severity event for user John Smith, date=Jun 12, 2016 3:04:24 PM]
Event [id=793291995, msg=NULL-severity event for user 3, date=Jun 12, 2016 3:04:24 PM]
Event [id=348978679, msg=ERROR-severity event for user John Smith, date=Jun 12, 2016 3:33:26 PM]
Event [id=59919749, msg=NULL-severity event for user 3, date=Jun 12, 2016 3:33:26 PM]
Event [id=1058941631, msg=ERROR-severity event for user John Smith, date=Jun 12, 2016 3:34:06 PM]
Event [id=1308141589, msg=NULL-severity event for user 3, date=Jun 12, 2016 3:34:06 PM]
Event [id=818639072, msg=ERROR-severity event for user John Smith, date=Jun 12, 2016 3:56:59 PM]
Event [id=1552507772, msg=NULL-severity event for user 3, date=Jun 12, 2016 3:56:59 PM]
Event [id=1258122165, msg=ERROR-severity event for user John Smith, date=Jun 12, 2016 3:57:07 PM]
Event [id=615893679, msg=NULL-severity event for user 3, date=Jun 12, 2016 3:57:07 PM]
Event [id=1267630638, msg=ERROR-severity event for user John Smith, date=Jun 12, 2016 4:09:07 PM]
Event [id=65991023, msg=NULL-severity event for user 3, date=Jun 12, 2016 4:09:07 PM]
Event [id=1851434964, msg=ERROR-severity event for user John Smith, date=Jun 12, 2016 4:12:06 PM]
Event [id=1998402125, msg=NULL-severity event for user 3, date=Jun 12, 2016 4:12:06 PM]
Event [id=1587447732, msg=ERROR-severity event for user John Smith, date=Jun 12, 2016 4:18:13 PM]
Event [id=1308427692, msg=NULL-severity event for user 3, date=Jun 12, 2016 4:18:13 PM]
Event [id=374313559, msg=ERROR-severity event for user John Smith, date=Jun 12, 2016 4:18:52 PM]
Event [id=1572196820, msg=NULL-severity event for user 3, date=Jun 12, 2016 4:18:52 PM]
Event [id=1580109213, msg=ERROR-severity event for user John Smith, date=Jun 12, 2016 4:37:54 PM]
Event [id=2117926418, msg=NULL-severity event for user 3, date=Jun 12, 2016 4:37:54 PM]
Event [id=835624064, msg=ERROR-severity event for user John Smith, date=Jun 12, 2016 4:47:56 PM]
Event [id=1742503551, msg=NULL-severity event for user 3, date=Jun 12, 2016 4:47:56 PM]
Event [id=457655893, msg=ERROR-severity event for user John Smith, date=Jun 12, 2016 4:49:18 PM]
Event [id=976882305, msg=NULL-severity event for user 3, date=Jun 12, 2016 4:49:18 PM]
Event [id=1552866622, msg=ERROR-severity event for user John Smith, date=Jun 12, 2016 4:52:01 PM]
Event [id=676836367, msg=NULL-severity event for user 3, date=Jun 12, 2016 4:52:01 PM]
Event [id=2114152691, msg=ERROR-severity event for user John Smith, date=Jun 12, 2016 8:52:28 PM]
Event [id=2081761881, msg=NULL-severity event for user 3, date=Jun 12, 2016 8:52:28 PM]
Event [id=969553495, msg=ERROR-severity event for user John Smith, date=Jun 12, 2016 8:52:54 PM]
Event [id=1166149972, msg=NULL-severity event for user 3, date=Jun 12, 2016 8:52:54 PM]
Event [id=1962292046, msg=ERROR-severity event for user John Smith, date=Jun 12, 2016 10:07:56 PM]
Event [id=1165532170, msg=NULL-severity event for user 3, date=Jun 12, 2016 10:07:56 PM]
Event [id=1154613715, msg=ERROR-severity event for user John Smith, date=Jun 12, 2016 10:08:23 PM]
Event [id=817605118, msg=NULL-severity event for user 3, date=Jun 12, 2016 10:08:23 PM]
